0 info it worked if it ends with ok
1 verbose cli [ '/Users/a7/.nvm/versions/node/v6.11.3/bin/node',
1 verbose cli   '/Users/a7/.nvm/versions/node/v6.11.3/bin/npm',
1 verbose cli   'start',
1 verbose cli   'index.js' ]
2 info using npm@3.10.10
3 info using node@v6.11.3
4 verbose run-script [ 'prestart', 'start', 'poststart' ]
5 info lifecycle animal@1.0.0~prestart: animal@1.0.0
6 silly lifecycle animal@1.0.0~prestart: no script for prestart, continuing
7 info lifecycle animal@1.0.0~start: animal@1.0.0
8 verbose lifecycle animal@1.0.0~start: unsafe-perm in lifecycle true
9 verbose lifecycle animal@1.0.0~start: PATH: /Users/a7/.nvm/versions/node/v6.11.3/lib/node_modules/npm/bin/node-gyp-bin:/Users/a7/github/js-training-17-9-14/animal/node_modules/.bin:/Users/a7/.nvm/versions/node/v6.11.3/bin:/usr/local/bin:/usr/bin:/bin:/usr/sbin:/sbin:/Users/a7/.nvm
10 verbose lifecycle animal@1.0.0~start: CWD: /Users/a7/github/js-training-17-9-14/animal
11 silly lifecycle animal@1.0.0~start: Args: [ '-c', 'node index.js "index.js"' ]
12 silly lifecycle animal@1.0.0~start: Returned: code: 1  signal: null
13 info lifecycle animal@1.0.0~start: Failed to exec start script
14 verbose stack Error: animal@1.0.0 start: `node index.js "index.js"`
14 verbose stack Exit status 1
14 verbose stack     at EventEmitter.<anonymous> (/Users/a7/.nvm/versions/node/v6.11.3/lib/node_modules/npm/lib/utils/lifecycle.js:255:16)
14 verbose stack     at emitTwo (events.js:106:13)
14 verbose stack     at EventEmitter.emit (events.js:191:7)
14 verbose stack     at ChildProcess.<anonymous> (/Users/a7/.nvm/versions/node/v6.11.3/lib/node_modules/npm/lib/utils/spawn.js:40:14)
14 verbose stack     at emitTwo (events.js:106:13)
14 verbose stack     at ChildProcess.emit (events.js:191:7)
14 verbose stack     at maybeClose (internal/child_process.js:920:16)
14 verbose stack     at Process.ChildProcess._handle.onexit (internal/child_process.js:230:5)
15 verbose pkgid animal@1.0.0
16 verbose cwd /Users/a7/github/js-training-17-9-14/animal
17 error Darwin 16.6.0
18 error argv "/Users/a7/.nvm/versions/node/v6.11.3/bin/node" "/Users/a7/.nvm/versions/node/v6.11.3/bin/npm" "start" "index.js"
19 error node v6.11.3
20 error npm  v3.10.10
21 error code ELIFECYCLE
22 error animal@1.0.0 start: `node index.js "index.js"`
22 error Exit status 1
23 error Failed at the animal@1.0.0 start script 'node index.js "index.js"'.
23 error Make sure you have the latest version of node.js and npm installed.
23 error If you do, this is most likely a problem with the animal package,
23 error not with npm itself.
23 error Tell the author that this fails on your system:
23 error     node index.js "index.js"
23 error You can get information on how to open an issue for this project with:
23 error     npm bugs animal
23 error Or if that isn't available, you can get their info via:
23 error     npm owner ls animal
23 error There is likely additional logging output above.
24 verbose exit [ 1, true ]
